
-----
Test: tests/test_buy_product.py::test_buy_product_1 (call)
Start time: 2023-07-23 22:31:28.331023
Start name method: authorization

End time: 2023-07-23 22:31:37.351538
End name method: authorization
URL: https://telemarket24.ru/?login=yes

-----

-----
Test: tests/test_buy_product.py::test_buy_product_1 (call)
Start time: 2023-07-23 22:31:37.351538
Start name method: select_product_1

End time: 2023-07-23 22:32:01.638928
End name method: select_product_1
URL: https://telemarket24.ru/personal/cart/

-----

-----
Test: tests/test_buy_product.py::test_buy_product_1 (call)
Start time: 2023-07-23 22:32:01.638928
Start name method: product_confirmation

End time: 2023-07-23 22:32:04.613098
End name method: product_confirmation
URL: https://telemarket24.ru/personal/order/

-----

-----
Test: tests/test_buy_product.py::test_buy_product_1 (call)
Start time: 2023-07-23 22:32:04.614098
Start name method: formalization

End time: 2023-07-23 22:32:24.286223
End name method: formalization
URL: https://telemarket24.ru/personal/order/?ORDER_ID=579794

-----

-----
Test: tests/test_buy_product.py::test_buy_product_1 (call)
Start time: 2023-07-23 22:32:24.287223
Start name method: deleting_order

End time: 2023-07-23 22:32:28.193446
End name method: deleting_order
URL: https://telemarket24.ru/personal/orders/

-----
